<?xml version="1.0" encoding="UTF-8"?>
<coverage generated="1555703938419" clover="3.2.0">
  <project timestamp="1555703938420" name="All files">
    <metrics statements="15" coveredstatements="15" conditionals="6" coveredconditionals="6" methods="11" coveredmethods="11" elements="32" coveredelements="32" complexity="0" loc="15" ncloc="15" packages="4" files="4" classes="4"/>
    <package name="src">
      <metrics statements="4" coveredstatements="4" conditionals="2" coveredconditionals="2" methods="4" coveredmethods="4"/>
      <file name="App.js" path="/Users/Jake/Desktop/projects/testPractice/src/App.js">
        <metrics statements="4" coveredstatements="4" conditionals="2" coveredconditionals="2" methods="4" coveredmethods="4"/>
        <line num="9" count="19" type="stmt"/>
        <line num="19" count="22" type="stmt"/>
        <line num="37" count="1" type="stmt"/>
        <line num="38" count="1" type="stmt"/>
      </file>
    </package>
    <package name="src.ClassComponent">
      <metrics statements="8" coveredstatements="8" conditionals="2" coveredconditionals="2" methods="5" coveredmethods="5"/>
      <file name="index.js" path="/Users/Jake/Desktop/projects/testPractice/src/ClassComponent/index.js">
        <metrics statements="8" coveredstatements="8" conditionals="2" coveredconditionals="2" methods="5" coveredmethods="5"/>
        <line num="5" count="5" type="stmt"/>
        <line num="6" count="5" type="stmt"/>
        <line num="12" count="2" type="cond" truecount="2" falsecount="0"/>
        <line num="13" count="1" type="stmt"/>
        <line num="15" count="1" type="stmt"/>
        <line num="20" count="5" type="stmt"/>
        <line num="24" count="1" type="stmt"/>
        <line num="28" count="11" type="stmt"/>
      </file>
    </package>
    <package name="src.Link">
      <metrics statements="2" coveredstatements="2" conditionals="2" coveredconditionals="2" methods="1" coveredmethods="1"/>
      <file name="index.js" path="/Users/Jake/Desktop/projects/testPractice/src/Link/index.js">
        <metrics statements="2" coveredstatements="2" conditionals="2" coveredconditionals="2" methods="1" coveredmethods="1"/>
        <line num="2" count="2" type="stmt"/>
        <line num="3" count="7" type="cond" truecount="2" falsecount="0"/>
      </file>
    </package>
    <package name="src.Title">
      <metrics statements="1" coveredstatements="1" conditionals="0" coveredconditionals="0" methods="1" coveredmethods="1"/>
      <file name="index.js" path="/Users/Jake/Desktop/projects/testPractice/src/Title/index.js">
        <metrics statements="1" coveredstatements="1" conditionals="0" coveredconditionals="0" methods="1" coveredmethods="1"/>
        <line num="2" count="1" type="stmt"/>
      </file>
    </package>
  </project>
</coverage>
