{"/Users/Jake/Desktop/projects/testPractice/src/App.js": {"path":"/Users/Jake/Desktop/projects/testPractice/src/App.js","statementMap":{"0":{"start":{"line":9,"column":4},"end":{"line":9,"column":16}},"1":{"start":{"line":19,"column":4},"end":{"line":41,"column":6}},"2":{"start":{"line":37,"column":31},"end":{"line":37,"column":66}},"3":{"start":{"line":38,"column":32},"end":{"line":38,"column":77}}},"fnMap":{"0":{"name":"(anonymous_0)","decl":{"start":{"line":8,"column":2},"end":{"line":8,"column":3}},"loc":{"start":{"line":8,"column":20},"end":{"line":10,"column":3}},"line":8},"1":{"name":"(anonymous_1)","decl":{"start":{"line":18,"column":2},"end":{"line":18,"column":3}},"loc":{"start":{"line":18,"column":11},"end":{"line":42,"column":3}},"line":18},"2":{"name":"(anonymous_2)","decl":{"start":{"line":37,"column":25},"end":{"line":37,"column":26}},"loc":{"start":{"line":37,"column":31},"end":{"line":37,"column":66}},"line":37},"3":{"name":"(anonymous_3)","decl":{"start":{"line":38,"column":25},"end":{"line":38,"column":26}},"loc":{"start":{"line":38,"column":32},"end":{"line":38,"column":77}},"line":38}},"branchMap":{"0":{"loc":{"start":{"line":36,"column":37},"end":{"line":36,"column":67}},"type":"cond-expr","locations":[{"start":{"line":36,"column":53},"end":{"line":36,"column":59}},{"start":{"line":36,"column":62},"end":{"line":36,"column":67}}],"line":36}},"s":{"0":19,"1":22,"2":1,"3":1},"f":{"0":19,"1":22,"2":1,"3":1},"b":{"0":[1,21]},"_coverageSchema":"43e27e138ebf9cfc5966b082cf9a028302ed4184","hash":"d361f21555fbf153d94cd7dff5ebe247e9f5fea6"}
,"/Users/Jake/Desktop/projects/testPractice/src/ClassComponent/index.js": {"path":"/Users/Jake/Desktop/projects/testPractice/src/ClassComponent/index.js","statementMap":{"0":{"start":{"line":5,"column":2},"end":{"line":5,"column":14}},"1":{"start":{"line":6,"column":2},"end":{"line":8,"column":3}},"2":{"start":{"line":12,"column":2},"end":{"line":16,"column":3}},"3":{"start":{"line":13,"column":3},"end":{"line":13,"column":15}},"4":{"start":{"line":15,"column":3},"end":{"line":15,"column":16}},"5":{"start":{"line":20,"column":2},"end":{"line":20,"column":44}},"6":{"start":{"line":24,"column":2},"end":{"line":24,"column":48}},"7":{"start":{"line":28,"column":2},"end":{"line":28,"column":38}}},"fnMap":{"0":{"name":"(anonymous_0)","decl":{"start":{"line":4,"column":1},"end":{"line":4,"column":2}},"loc":{"start":{"line":4,"column":19},"end":{"line":9,"column":2}},"line":4},"1":{"name":"(anonymous_1)","decl":{"start":{"line":11,"column":1},"end":{"line":11,"column":2}},"loc":{"start":{"line":11,"column":16},"end":{"line":17,"column":2}},"line":11},"2":{"name":"(anonymous_2)","decl":{"start":{"line":19,"column":1},"end":{"line":19,"column":2}},"loc":{"start":{"line":19,"column":20},"end":{"line":21,"column":2}},"line":19},"3":{"name":"(anonymous_3)","decl":{"start":{"line":23,"column":1},"end":{"line":23,"column":2}},"loc":{"start":{"line":23,"column":28},"end":{"line":25,"column":2}},"line":23},"4":{"name":"(anonymous_4)","decl":{"start":{"line":27,"column":1},"end":{"line":27,"column":2}},"loc":{"start":{"line":27,"column":9},"end":{"line":29,"column":2}},"line":27}},"branchMap":{"0":{"loc":{"start":{"line":12,"column":2},"end":{"line":16,"column":3}},"type":"if","locations":[{"start":{"line":12,"column":2},"end":{"line":16,"column":3}},{"start":{"line":12,"column":2},"end":{"line":16,"column":3}}],"line":12}},"s":{"0":5,"1":5,"2":2,"3":1,"4":1,"5":5,"6":1,"7":11},"f":{"0":5,"1":2,"2":5,"3":1,"4":11},"b":{"0":[1,1]},"_coverageSchema":"43e27e138ebf9cfc5966b082cf9a028302ed4184","hash":"df0e10fec5f01736d33e2e540bacc4962e33724e"}
,"/Users/Jake/Desktop/projects/testPractice/src/Link/index.js": {"path":"/Users/Jake/Desktop/projects/testPractice/src/Link/index.js","statementMap":{"0":{"start":{"line":2,"column":13},"end":{"line":4,"column":1}},"1":{"start":{"line":3,"column":1},"end":{"line":3,"column":61}}},"fnMap":{"0":{"name":"(anonymous_0)","decl":{"start":{"line":2,"column":13},"end":{"line":2,"column":14}},"loc":{"start":{"line":2,"column":34},"end":{"line":4,"column":1}},"line":2}},"branchMap":{"0":{"loc":{"start":{"line":3,"column":8},"end":{"line":3,"column":61}},"type":"cond-expr","locations":[{"start":{"line":3,"column":26},"end":{"line":3,"column":53}},{"start":{"line":3,"column":57},"end":{"line":3,"column":61}}],"line":3}},"s":{"0":2,"1":7},"f":{"0":7},"b":{"0":[4,3]},"_coverageSchema":"43e27e138ebf9cfc5966b082cf9a028302ed4184","hash":"7127aea43e5813b0ec9dfb70e80d12dc4f95774d"}
,"/Users/Jake/Desktop/projects/testPractice/src/Title/index.js": {"path":"/Users/Jake/Desktop/projects/testPractice/src/Title/index.js","statementMap":{"0":{"start":{"line":2,"column":14},"end":{"line":2,"column":66}},"1":{"start":{"line":2,"column":26},"end":{"line":2,"column":66}}},"fnMap":{"0":{"name":"(anonymous_0)","decl":{"start":{"line":2,"column":14},"end":{"line":2,"column":15}},"loc":{"start":{"line":2,"column":26},"end":{"line":2,"column":66}},"line":2}},"branchMap":{},"s":{"0":1,"1":1},"f":{"0":1},"b":{},"_coverageSchema":"43e27e138ebf9cfc5966b082cf9a028302ed4184","hash":"1c1cc978e434aabbfd0940a26c03891235d21711"}
}
