TN:
SF:/Users/Jake/Desktop/projects/testPractice/src/App.js
FN:8,(anonymous_0)
FN:18,(anonymous_1)
FN:37,(anonymous_2)
FN:38,(anonymous_3)
FNF:4
FNH:4
FNDA:19,(anonymous_0)
FNDA:22,(anonymous_1)
FNDA:1,(anonymous_2)
FNDA:1,(anonymous_3)
DA:9,19
DA:19,22
DA:37,1
DA:38,1
LF:4
LH:4
BRDA:36,0,0,1
BRDA:36,0,1,21
BRF:2
BRH:2
end_of_record
TN:
SF:/Users/Jake/Desktop/projects/testPractice/src/ClassComponent/index.js
FN:4,(anonymous_0)
FN:11,(anonymous_1)
FN:19,(anonymous_2)
FN:23,(anonymous_3)
FN:27,(anonymous_4)
FNF:5
FNH:5
FNDA:5,(anonymous_0)
FNDA:2,(anonymous_1)
FNDA:5,(anonymous_2)
FNDA:1,(anonymous_3)
FNDA:11,(anonymous_4)
DA:5,5
DA:6,5
DA:12,2
DA:13,1
DA:15,1
DA:20,5
DA:24,1
DA:28,11
LF:8
LH:8
BRDA:12,0,0,1
BRDA:12,0,1,1
BRF:2
BRH:2
end_of_record
TN:
SF:/Users/Jake/Desktop/projects/testPractice/src/Link/index.js
FN:2,(anonymous_0)
FNF:1
FNH:1
FNDA:7,(anonymous_0)
DA:2,2
DA:3,7
LF:2
LH:2
BRDA:3,0,0,4
BRDA:3,0,1,3
BRF:2
BRH:2
end_of_record
TN:
SF:/Users/Jake/Desktop/projects/testPractice/src/Title/index.js
FN:2,(anonymous_0)
FNF:1
FNH:1
FNDA:1,(anonymous_0)
DA:2,1
LF:1
LH:1
BRF:0
BRH:0
end_of_record
